<?xml version="1.0" encoding="UTF-8"?>
<!-- Generated by org.testng.reporters.JUnitReportReporter -->
<testsuite skipped="0" hostname="DESKTOP-I20VPNH" name="org.test.Sample1" tests="4" failures="0" timestamp="24 Mar 2022 14:59:38 GMT" time="0.039" errors="0">
  <testcase name="tc02" time="0.013" classname="org.test.Sample1"/>
  <testcase name="tc02" time="0.013" classname="org.test.Sample1"/>
  <testcase name="tc02" time="0.007" classname="org.test.Sample1"/>
  <testcase name="tc01" time="0.006" classname="org.test.Sample1"/>
</testsuite> <!-- org.test.Sample1 -->
